<?xml version="1.0" encoding="UTF-8"?>
<!-- Generated by org.testng.reporters.JUnitReportReporter -->
<testsuite hostname="USE2DEVP5773" failures="0" tests="1" name="testPackage.AssetCases" time="35.088" errors="0" timestamp="2024-02-12T14:36:06 IST" skipped="0">
  <testcase classname="testPackage.AssetCases" name="VerifyEconScenarios" time="35.088"/>
  <system-out/>
</testsuite> <!-- testPackage.AssetCases -->
