<?xml version="1.0" encoding="UTF-8"?>
<!-- Generated by org.testng.reporters.JUnitReportReporter -->
<testsuite hostname="USE2DEVP5773" failures="0" tests="1" name="testPackage.QueueCases" time="107.440" errors="0" timestamp="2023-11-14T17:35:26 IST" skipped="0">
  <testcase classname="testPackage.QueueCases" name="VerifyBundleQueue" time="107.440"/>
  <system-out/>
</testsuite> <!-- testPackage.QueueCases -->
