<?xml version="1.0" encoding="UTF-8"?>
<!-- Generated by org.testng.reporters.JUnitReportReporter -->
<testsuite hostname="USE2DEVP5773" failures="0" tests="1" name="testPackage.TEST" time="13.832" errors="0" timestamp="2022-08-26T10:48:16 IST" skipped="0">
  <testcase classname="testPackage.TEST" name="ValidateSourceList" time="13.832"/>
  <system-out/>
</testsuite> <!-- testPackage.TEST -->
