<?xml version="1.0" encoding="UTF-8"?>
<!-- Generated by org.testng.reporters.JUnitReportReporter -->
<testsuite hostname="USE2DEVP5773" failures="0" tests="1" name="testPackage.AssetCases" time="27.170" errors="0" timestamp="2023-12-29T08:35:10 IST" skipped="0">
  <testcase classname="testPackage.AssetCases" name="VerifyAssetField" time="27.170"/>
  <system-out/>
</testsuite> <!-- testPackage.AssetCases -->
