<?xml version="1.0" encoding="UTF-8"?>
<!-- Generated by org.testng.reporters.JUnitReportReporter -->
<testsuite hostname="USE2DEVP5773" failures="0" tests="1" name="com.testng.code.TEST" time="13.745" errors="0" timestamp="2022-08-25T11:16:37 IST" skipped="0">
  <testcase classname="com.testng.code.TEST" name="ValidateSourceList" time="13.745"/>
  <system-out/>
</testsuite> <!-- com.testng.code.TEST -->
