<?xml version="1.0" encoding="UTF-8"?>
<!-- Generated by org.testng.reporters.JUnitReportReporter -->
<testsuite hostname="USE2DEVP5773" failures="0" tests="1" name="Dump" time="0.687" errors="0" timestamp="2022-08-22T18:02:40 IST" skipped="0">
  <testcase classname="Dump" name="mainfunction" time="0.687"/>
  <system-out/>
</testsuite> <!-- Dump -->
