<?xml version="1.0" encoding="UTF-8"?>
<!-- Generated by org.testng.reporters.JUnitReportReporter -->
<testsuite hostname="USE2DEVP5773" failures="0" tests="1" name="testPackage.Feeds233961" time="124.461" errors="0" timestamp="2023-04-10T13:10:21 IST" skipped="0">
  <testcase classname="testPackage.Feeds233961" name="VerifyFeedRelaunchReopen" time="124.461"/>
  <system-out/>
</testsuite> <!-- testPackage.Feeds233961 -->
