<?xml version="1.0" encoding="UTF-8"?>
<!-- Generated by org.testng.reporters.JUnitReportReporter -->
<testsuite hostname="USE2DEVP5773" failures="0" tests="1" name="testPackage.Headline_Alarm" time="109.893" errors="0" timestamp="2023-09-08T15:10:33 IST" skipped="0">
  <testcase classname="testPackage.Headline_Alarm" name="VerifyAlarmScenarios" time="109.893"/>
  <system-out/>
</testsuite> <!-- testPackage.Headline_Alarm -->
