<?xml version="1.0" encoding="UTF-8"?>
<!-- Generated by org.testng.reporters.JUnitReportReporter -->
<testsuite hostname="USE2DEVP5773" failures="0" tests="1" name="com.testng.code.TEMP" time="6.060" errors="0" timestamp="2022-08-25T11:16:43 IST" skipped="0">
  <testcase classname="com.testng.code.TEMP" name="ValidateAlarm" time="6.060"/>
  <system-out/>
</testsuite> <!-- com.testng.code.TEMP -->
