<?xml version="1.0" encoding="UTF-8"?>
<!-- Generated by org.testng.reporters.JUnitReportReporter -->
<testsuite hostname="USE2DEVP5773" failures="0" tests="1" name="testPackage.Automations320602" time="198.961" errors="0" timestamp="2023-03-28T20:43:09 IST" skipped="0">
  <testcase classname="testPackage.Automations320602" name="VerifyAutomationsDropdown" time="198.961"/>
  <system-out/>
</testsuite> <!-- testPackage.Automations320602 -->
