<?xml version="1.0" encoding="UTF-8"?>
<!-- Generated by org.testng.reporters.JUnitReportReporter -->
<testsuite hostname="USE2DEVP5773" failures="0" tests="1" name="testPackage.TemplateCases" time="131.204" errors="0" timestamp="2024-02-19T15:06:59 IST" skipped="0">
  <testcase classname="testPackage.TemplateCases" name="VerifyPackageTemplateRecreateScenarios" time="131.204"/>
  <system-out/>
</testsuite> <!-- testPackage.TemplateCases -->
