<?xml version="1.0" encoding="UTF-8"?>
<!-- Generated by org.testng.reporters.JUnitReportReporter -->
<testsuite hostname="USE2DEVP5773" failures="0" tests="1" name="TRAIL" time="12.649" errors="0" timestamp="2022-08-17T15:12:05 IST" skipped="0">
  <testcase classname="TRAIL" name="trailingMethod" time="12.649"/>
  <system-out/>
</testsuite> <!-- TRAIL -->
