<?xml version="1.0" encoding="UTF-8"?>
<!-- Generated by org.testng.reporters.JUnitReportReporter -->
<testsuite hostname="USE2DEVP5773" failures="0" tests="1" name="testPackage.AssetCases" time="46.618" errors="0" timestamp="2024-01-10T15:27:15 IST" skipped="0">
  <testcase classname="testPackage.AssetCases" name="VerifyAssetCopy" time="46.618"/>
  <system-out/>
</testsuite> <!-- testPackage.AssetCases -->
