<?xml version="1.0" encoding="UTF-8"?>
<!-- Generated by org.testng.reporters.JUnitReportReporter -->
<testsuite hostname="USE2DEVP5773" failures="0" tests="1" name="testPackage.TemplateCases" time="57.436" errors="0" timestamp="2024-01-08T09:58:19 IST" skipped="0">
  <testcase classname="testPackage.TemplateCases" name="VerifyTemplateShortcutScenarios" time="57.436"/>
  <system-out/>
</testsuite> <!-- testPackage.TemplateCases -->
