<?xml version="1.0" encoding="UTF-8"?>
<!-- Generated by org.testng.reporters.JUnitReportReporter -->
<testsuite hostname="USE2DEVP5773" failures="0" tests="1" name="testPackage.MetaData" time="103.193" errors="0" timestamp="2023-09-08T03:10:13 IST" skipped="0">
  <testcase classname="testPackage.MetaData" name="VerifyJobRolesCases" time="103.193"/>
  <system-out/>
</testsuite> <!-- testPackage.MetaData -->
