<?xml version="1.0" encoding="UTF-8"?>
<!-- Generated by org.testng.reporters.JUnitReportReporter -->
<testsuite hostname="USE2DEVP5773" failures="0" tests="4" name="TEST" time="0.024" errors="0" timestamp="2022-08-23T18:57:21 IST" skipped="0">
  <testcase classname="TEST" name="Login" time="0.016"/>
  <system-out/>
  <testcase classname="TEST" name="Login2" time="0.002"/>
  <system-out/>
  <testcase classname="TEST" name="ValidateSourceList" time="0.003"/>
  <system-out/>
  <testcase classname="TEST" name="Login3" time="0.003"/>
  <system-out/>
</testsuite> <!-- TEST -->
