<?xml version="1.0" encoding="UTF-8"?>
<!-- Generated by org.testng.reporters.JUnitReportReporter -->
<testsuite hostname="USE2DEVP5773" failures="0" tests="1" name="testPackage.QueueCases" time="120.346" errors="0" timestamp="2024-02-09T15:19:14 IST" skipped="0">
  <testcase classname="testPackage.QueueCases" name="VerifyQueueUnqueueSendNow" time="120.346"/>
  <system-out/>
</testsuite> <!-- testPackage.QueueCases -->
