<?xml version="1.0" encoding="UTF-8"?>
<!-- Generated by org.testng.reporters.JUnitReportReporter -->
<testsuite hostname="USE2DEVP5773" failures="0" tests="1" name="testPackage.PublishCases" time="110.028" errors="0" timestamp="2024-03-25T15:10:01 IST" skipped="0">
  <testcase classname="testPackage.PublishCases" name="VerifyCyclicAlertLanguage" time="110.028"/>
  <system-out/>
</testsuite> <!-- testPackage.PublishCases -->
