<?xml version="1.0" encoding="UTF-8"?>
<!-- Generated by org.testng.reporters.JUnitReportReporter -->
<testsuite hostname="USE2DEVP5773" failures="0" tests="1" name="testPackage.CompanyDataCases" time="70.806" errors="1" timestamp="2024-02-28T09:37:21 IST" skipped="0">
  <testcase classname="testPackage.CompanyDataCases" name="VerifyCompanyNumberFormatting" time="70.806">
    <error message="C:\Users\X023840\git\LA_Sikuli\LA_Sikuli\src\test\resources\TestImages\LandingPage\Tools.PNG: (33x18) seen at (160, 26) with 1.00 in R[0,0 1366x768]@S(0)" type="org.sikuli.script.FindFailed">
      <![CDATA[FindFailed: C:\Users\X023840\git\LA_Sikuli\LA_Sikuli\src\test\resources\TestImages\LandingPage\Tools.PNG: (33x18) seen at (160, 26) with 1.00 in R[0,0 1366x768]@S(0)
  Line 2226, in file Region.java

at org.sikuli.script.Region.wait(Region.java:2226)
at testPackage.CompanyDataCases.VerifyCompanyNumberFormatting(CompanyDataCases.java:133)
at java.base/jdk.internal.reflect.DirectMethodHandleAccessor.invoke(DirectMethodHandleAccessor.java:104)
at java.base/java.lang.reflect.Method.invoke(Method.java:577)
at org.testng.internal.MethodInvocationHelper.invokeMethod(MethodInvocationHelper.java:133)
at org.testng.internal.TestInvoker.invokeMethod(TestInvoker.java:598)
at org.testng.internal.TestInvoker.invokeTestMethod(TestInvoker.java:173)
at org.testng.internal.MethodRunner.runInSequence(MethodRunner.java:46)
at org.testng.internal.TestInvoker$MethodInvocationAgent.invoke(TestInvoker.java:824)
at org.testng.internal.TestInvoker.invokeTestMethods(TestInvoker.java:146)
at org.testng.internal.TestMethodWorker.invokeTestMethods(TestMethodWorker.java:146)
at org.testng.internal.TestMethodWorker.run(TestMethodWorker.java:128)
at java.base/java.util.concurrent.ThreadPoolExecutor.runWorker(ThreadPoolExecutor.java:1136)
at java.base/java.util.concurrent.ThreadPoolExecutor$Worker.run(ThreadPoolExecutor.java:635)
at java.base/java.lang.Thread.run(Thread.java:833)
]]>
    </error>
  </testcase> <!-- VerifyCompanyNumberFormatting -->
  <system-out/>
</testsuite> <!-- testPackage.CompanyDataCases -->
