<?xml version="1.0" encoding="UTF-8"?>
<!-- Generated by org.testng.reporters.JUnitReportReporter -->
<testsuite hostname="USE2DEVP5773" failures="0" tests="1" name="testPackage.Metadata_Validation" time="8.479" errors="0" timestamp="2022-10-10T11:02:08 IST" skipped="0">
  <testcase classname="testPackage.Metadata_Validation" name="ValidateBriefPublish" time="8.479"/>
  <system-out/>
</testsuite> <!-- testPackage.Metadata_Validation -->
