<?xml version="1.0" encoding="UTF-8"?>
<!-- Generated by org.testng.reporters.JUnitReportReporter -->
<testsuite hostname="USE2DEVP5773" failures="0" tests="1" name="testPackage.MetaData" time="49.550" errors="0" timestamp="2023-10-17T08:53:14 IST" skipped="0">
  <testcase classname="testPackage.MetaData" name="VerifyAlertEditor" time="49.550"/>
  <system-out/>
</testsuite> <!-- testPackage.MetaData -->
