<?xml version="1.0" encoding="UTF-8"?>
<!-- Generated by org.testng.reporters.JUnitReportReporter -->
<testsuite hostname="USE2DEVP5773" failures="0" tests="1" name="testPackage.EconDataCases" time="106.279" errors="0" timestamp="2024-03-25T13:47:28 IST" skipped="0">
  <testcase classname="testPackage.EconDataCases" name="VerifyEconDataFormatting" time="106.279"/>
  <system-out/>
</testsuite> <!-- testPackage.EconDataCases -->
