<?xml version="1.0" encoding="UTF-8"?>
<!-- Generated by org.testng.reporters.JUnitReportReporter -->
<testsuite hostname="USE2DEVP5773" failures="0" tests="1" name="testPackage.PublishCases" time="31.965" errors="0" timestamp="2023-11-06T16:26:22 IST" skipped="0">
  <testcase classname="testPackage.PublishCases" name="VerifyPublishScenarios" time="31.965"/>
  <system-out/>
</testsuite> <!-- testPackage.PublishCases -->
