<?xml version="1.0" encoding="UTF-8"?>
<!-- Generated by org.testng.reporters.JUnitReportReporter -->
<testsuite hostname="USE2DEVP5773" failures="0" tests="1" name="testPackage.StoryCases" time="48.890" errors="0" timestamp="2023-10-30T15:23:40 IST" skipped="0">
  <testcase classname="testPackage.StoryCases" name="VerifyMultipleStoryPublish" time="48.890"/>
  <system-out/>
</testsuite> <!-- testPackage.StoryCases -->
