<?xml version="1.0" encoding="UTF-8"?>
<!-- Generated by org.testng.reporters.JUnitReportReporter -->
<testsuite hostname="USE2DEVP5773" failures="0" tests="1" name="testPackage.PublishCases" time="98.166" errors="0" timestamp="2024-01-02T16:40:48 IST" skipped="0">
  <testcase classname="testPackage.PublishCases" name="VerifyBundlePublish" time="98.166"/>
  <system-out/>
</testsuite> <!-- testPackage.PublishCases -->
