<?xml version="1.0" encoding="UTF-8"?>
<!-- Generated by org.testng.reporters.JUnitReportReporter -->
<testsuite hostname="USE2DEVP5773" failures="0" tests="1" name="testPackage.TemplateCases" time="28.338" errors="0" timestamp="2024-01-08T08:52:05 IST" skipped="0">
  <testcase classname="testPackage.TemplateCases" name="VerifyTemplateShortcutScenarios" time="28.338"/>
  <system-out/>
</testsuite> <!-- testPackage.TemplateCases -->
