<?xml version="1.0" encoding="UTF-8"?>
<!-- Generated by org.testng.reporters.JUnitReportReporter -->
<testsuite hostname="USE2DEVP5773" failures="0" tests="1" name="testPackage.TemplateCases" time="64.823" errors="0" timestamp="2023-11-06T17:28:38 IST" skipped="0">
  <testcase classname="testPackage.TemplateCases" name="VerifyTemplateScenarios" time="64.823"/>
  <system-out/>
</testsuite> <!-- testPackage.TemplateCases -->
