<?xml version="1.0" encoding="UTF-8"?>
<!-- Generated by org.testng.reporters.JUnitReportReporter -->
<testsuite hostname="USE2DEVP5773" failures="0" tests="1" name="testPackage.AssetCases" time="49.491" errors="0" timestamp="2024-02-15T09:54:50 IST" skipped="0">
  <testcase classname="testPackage.AssetCases" name="VerifyEconScenarios" time="49.491"/>
  <system-out/>
</testsuite> <!-- testPackage.AssetCases -->
